# JRE version: Java(TM) SE Runtime Environment (8.0_20-b26) (build 1.8.0_20-b26)
# Java VM: Java HotSpot(TM) 64-Bit Server VM (25.20-b23 mixed mode windows-amd64 compressed oops)
Heap:
 PSYoungGen      total 138240K, used 64387K [0x00000000eab00000, 0x00000000f4500000, 0x0000000100000000)
  eden space 127488K, 42% used [0x00000000eab00000,0x00000000edfaae48,0x00000000f2780000)
  from space 10752K, 97% used [0x00000000f3a80000,0x00000000f44b5ea0,0x00000000f4500000)
  to   space 12800K, 0% used [0x00000000f2c00000,0x00000000f2c00000,0x00000000f3880000)
 ParOldGen       total 52224K, used 19551K [0x00000000c0000000, 0x00000000c3300000, 0x00000000eab00000)
  object space 52224K, 37% used [0x00000000c0000000,0x00000000c1317e70,0x00000000c3300000)
 Metaspace       used 42505K, capacity 43274K, committed 43520K, reserved 1087488K
  class space    used 5886K, capacity 6026K, committed 6144K, reserved 1048576K
GC Heap History (10 events):
Event: 12.967 GC heap before
{Heap before GC invocations=10 (full 1):
 PSYoungGen      total 77824K, used 76379K [0x00000000eab00000, 0x00000000f0200000, 0x0000000100000000)
  eden space 72704K, 100% used [0x00000000eab00000,0x00000000ef200000,0x00000000ef200000)
  from space 5120K, 71% used [0x00000000efd00000,0x00000000f0096f98,0x00000000f0200000)
  to   space 8192K, 0% used [0x00000000ef200000,0x00000000ef200000,0x00000000efa00000)
 ParOldGen       total 52224K, used 12116K [0x00000000c0000000, 0x00000000c3300000, 0x00000000eab00000)
  object space 52224K, 23% used [0x00000000c0000000,0x00000000c0bd5290,0x00000000c3300000)
 Metaspace       used 30505K, capacity 31022K, committed 31232K, reserved 1077248K
  class space    used 4111K, capacity 4268K, committed 4352K, reserved 1048576K
Event: 12.989 GC heap after
Heap after GC invocations=10 (full 1):
 PSYoungGen      total 80896K, used 8175K [0x00000000eab00000, 0x00000000f1780000, 0x0000000100000000)
  eden space 72704K, 0% used [0x00000000eab00000,0x00000000eab00000,0x00000000ef200000)
  from space 8192K, 99% used [0x00000000ef200000,0x00000000ef9fbd60,0x00000000efa00000)
  to   space 9216K, 0% used [0x00000000f0e80000,0x00000000f0e80000,0x00000000f1780000)
 ParOldGen       total 52224K, used 12137K [0x00000000c0000000, 0x00000000c3300000, 0x00000000eab00000)
  object space 52224K, 23% used [0x00000000c0000000,0x00000000c0bda5d8,0x00000000c3300000)
 Metaspace       used 30505K, capacity 31022K, committed 31232K, reserved 1077248K
  class space    used 4111K, capacity 4268K, committed 4352K, reserved 1048576K
}
Event: 14.464 GC heap before
{Heap before GC invocations=11 (full 1):
 PSYoungGen      total 80896K, used 80879K [0x00000000eab00000, 0x00000000f1780000, 0x0000000100000000)
  eden space 72704K, 100% used [0x00000000eab00000,0x00000000ef200000,0x00000000ef200000)
  from space 8192K, 99% used [0x00000000ef200000,0x00000000ef9fbd60,0x00000000efa00000)
  to   space 9216K, 0% used [0x00000000f0e80000,0x00000000f0e80000,0x00000000f1780000)
 ParOldGen       total 52224K, used 12137K [0x00000000c0000000, 0x00000000c3300000, 0x00000000eab00000)
  object space 52224K, 23% used [0x00000000c0000000,0x00000000c0bda5d8,0x00000000c3300000)
 Metaspace       used 34015K, capacity 34680K, committed 34816K, reserved 1079296K
  class space    used 4599K, capacity 4748K, committed 4864K, reserved 1048576K
Event: 14.509 GC heap after
Heap after GC invocations=11 (full 1):
 PSYoungGen      total 99328K, used 9190K [0x00000000eab00000, 0x00000000f1f80000, 0x0000000100000000)
  eden space 90112K, 0% used [0x00000000eab00000,0x00000000eab00000,0x00000000f0300000)
  from space 9216K, 99% used [0x00000000f0e80000,0x00000000f1779aa8,0x00000000f1780000)
  to   space 11776K, 0% used [0x00000000f0300000,0x00000000f0300000,0x00000000f0e80000)
 ParOldGen       total 52224K, used 16480K [0x00000000c0000000, 0x00000000c3300000, 0x00000000eab00000)
  object space 52224K, 31% used [0x00000000c0000000,0x00000000c1018140,0x00000000c3300000)
 Metaspace       used 34015K, capacity 34680K, committed 34816K, reserved 1079296K
  class space    used 4599K, capacity 4748K, committed 4864K, reserved 1048576K
}
Event: 14.607 GC heap before
{Heap before GC invocations=12 (full 1):
 PSYoungGen      total 99328K, used 12699K [0x00000000eab00000, 0x00000000f1f80000, 0x0000000100000000)
  eden space 90112K, 3% used [0x00000000eab00000,0x00000000eae6d4c8,0x00000000f0300000)
  from space 9216K, 99% used [0x00000000f0e80000,0x00000000f1779aa8,0x00000000f1780000)
  to   space 11776K, 0% used [0x00000000f0300000,0x00000000f0300000,0x00000000f0e80000)
 ParOldGen       total 52224K, used 16480K [0x00000000c0000000, 0x00000000c3300000, 0x00000000eab00000)
  object space 52224K, 31% used [0x00000000c0000000,0x00000000c1018140,0x00000000c3300000)
 Metaspace       used 34750K, capacity 35416K, committed 35496K, reserved 1079296K
  class space    used 4705K, capacity 4844K, committed 4864K, reserved 1048576K
Event: 14.642 GC heap after
Heap after GC invocations=12 (full 1):
 PSYoungGen      total 101888K, used 7841K [0x00000000eab00000, 0x00000000f4600000, 0x0000000100000000)
  eden space 90112K, 0% used [0x00000000eab00000,0x00000000eab00000,0x00000000f0300000)
  from space 11776K, 66% used [0x00000000f0300000,0x00000000f0aa8418,0x00000000f0e80000)
  to   space 11776K, 0% used [0x00000000f3a80000,0x00000000f3a80000,0x00000000f4600000)
 ParOldGen       total 52224K, used 18205K [0x00000000c0000000, 0x00000000c3300000, 0x00000000eab00000)
  object space 52224K, 34% used [0x00000000c0000000,0x00000000c11c7560,0x00000000c3300000)
 Metaspace       used 34750K, capacity 35416K, committed 35496K, reserved 1079296K
  class space    used 4705K, capacity 4844K, committed 4864K, reserved 1048576K
}
Event: 14.642 GC heap before
{Heap before GC invocations=13 (full 2):
 PSYoungGen      total 101888K, used 7841K [0x00000000eab00000, 0x00000000f4600000, 0x0000000100000000)
  eden space 90112K, 0% used [0x00000000eab00000,0x00000000eab00000,0x00000000f0300000)
  from space 11776K, 66% used [0x00000000f0300000,0x00000000f0aa8418,0x00000000f0e80000)
  to   space 11776K, 0% used [0x00000000f3a80000,0x00000000f3a80000,0x00000000f4600000)
 ParOldGen       total 52224K, used 18205K [0x00000000c0000000, 0x00000000c3300000, 0x00000000eab00000)
  object space 52224K, 34% used [0x00000000c0000000,0x00000000c11c7560,0x00000000c3300000)
 Metaspace       used 34750K, capacity 35416K, committed 35496K, reserved 1079296K
  class space    used 4705K, capacity 4844K, committed 4864K, reserved 1048576K
Event: 14.967 GC heap after
Heap after GC invocations=13 (full 2):
 PSYoungGen      total 101888K, used 0K [0x00000000eab00000, 0x00000000f4600000, 0x0000000100000000)
  eden space 90112K, 0% used [0x00000000eab00000,0x00000000eab00000,0x00000000f0300000)
  from space 11776K, 0% used [0x00000000f0300000,0x00000000f0300000,0x00000000f0e80000)
  to   space 11776K, 0% used [0x00000000f3a80000,0x00000000f3a80000,0x00000000f4600000)
 ParOldGen       total 52224K, used 19543K [0x00000000c0000000, 0x00000000c3300000, 0x00000000eab00000)
  object space 52224K, 37% used [0x00000000c0000000,0x00000000c1315e70,0x00000000c3300000)
 Metaspace       used 34750K, capacity 35416K, committed 35496K, reserved 1079296K
  class space    used 4705K, capacity 4844K, committed 4864K, reserved 1048576K
}
Event: 17.997 GC heap before
{Heap before GC invocations=14 (full 2):
 PSYoungGen      total 101888K, used 90112K [0x00000000eab00000, 0x00000000f4600000, 0x0000000100000000)
  eden space 90112K, 100% used [0x00000000eab00000,0x00000000f0300000,0x00000000f0300000)
  from space 11776K, 0% used [0x00000000f0300000,0x00000000f0300000,0x00000000f0e80000)
  to   space 11776K, 0% used [0x00000000f3a80000,0x00000000f3a80000,0x00000000f4600000)
 ParOldGen       total 52224K, used 19543K [0x00000000c0000000, 0x00000000c3300000, 0x00000000eab00000)
  object space 52224K, 37% used [0x00000000c0000000,0x00000000c1315e70,0x00000000c3300000)
 Metaspace       used 40411K, capacity 41126K, committed 41344K, reserved 1085440K
  class space    used 5538K, capacity 5705K, committed 5760K, reserved 1048576K
Event: 18.024 GC heap after
Heap after GC invocations=14 (full 2):
 PSYoungGen      total 138240K, used 10455K [0x00000000eab00000, 0x00000000f4500000, 0x0000000100000000)
  eden space 127488K, 0% used [0x00000000eab00000,0x00000000eab00000,0x00000000f2780000)
  from space 10752K, 97% used [0x00000000f3a80000,0x00000000f44b5ea0,0x00000000f4500000)
  to   space 12800K, 0% used [0x00000000f2c00000,0x00000000f2c00000,0x00000000f3880000)
 ParOldGen       total 52224K, used 19551K [0x00000000c0000000, 0x00000000c3300000, 0x00000000eab00000)
  object space 52224K, 37% used [0x00000000c0000000,0x00000000c1317e70,0x00000000c3300000)
 Metaspace       used 40411K, capacity 41126K, committed 41344K, reserved 1085440K
  class space    used 5538K, capacity 5705K, committed 5760K, reserved 1048576K
}

