# JRE version: Java(TM) SE Runtime Environment (8.0_20-b26) (build 1.8.0_20-b26)
# Java VM: Java HotSpot(TM) 64-Bit Server VM (25.20-b23 mixed mode windows-amd64 compressed oops)
Heap:
 PSYoungGen      total 142848K, used 64372K [0x00000000eab00000, 0x00000000f4700000, 0x0000000100000000)
  eden space 125952K, 51% used [0x00000000eab00000,0x00000000ee9dd318,0x00000000f2600000)
  from space 16896K, 0% used [0x00000000f3680000,0x00000000f3680000,0x00000000f4700000)
  to   space 16896K, 0% used [0x00000000f2600000,0x00000000f2600000,0x00000000f3680000)
 ParOldGen       total 71680K, used 31041K [0x00000000c0000000, 0x00000000c4600000, 0x00000000eab00000)
  object space 71680K, 43% used [0x00000000c0000000,0x00000000c1e50778,0x00000000c4600000)
 Metaspace       used 47419K, capacity 48824K, committed 49024K, reserved 1091584K
  class space    used 6487K, capacity 6768K, committed 6784K, reserved 1048576K
GC Heap History (10 events):
Event: 30.919 GC heap before
{Heap before GC invocations=17 (full 2):
 PSYoungGen      total 89088K, used 87364K [0x00000000eab00000, 0x00000000f1000000, 0x0000000100000000)
  eden space 80896K, 100% used [0x00000000eab00000,0x00000000efa00000,0x00000000efa00000)
  from space 8192K, 78% used [0x00000000f0800000,0x00000000f0e51280,0x00000000f1000000)
  to   space 11264K, 0% used [0x00000000efa00000,0x00000000efa00000,0x00000000f0500000)
 ParOldGen       total 71680K, used 20089K [0x00000000c0000000, 0x00000000c4600000, 0x00000000eab00000)
  object space 71680K, 28% used [0x00000000c0000000,0x00000000c139e708,0x00000000c4600000)
 Metaspace       used 42523K, capacity 43548K, committed 43776K, reserved 1087488K
  class space    used 5898K, capacity 6079K, committed 6144K, reserved 1048576K
Event: 30.959 GC heap after
Heap after GC invocations=17 (full 2):
 PSYoungGen      total 92160K, used 11259K [0x00000000eab00000, 0x00000000f2f80000, 0x0000000100000000)
  eden space 80896K, 0% used [0x00000000eab00000,0x00000000eab00000,0x00000000efa00000)
  from space 11264K, 99% used [0x00000000efa00000,0x00000000f04fee38,0x00000000f0500000)
  to   space 13312K, 0% used [0x00000000f2280000,0x00000000f2280000,0x00000000f2f80000)
 ParOldGen       total 71680K, used 20754K [0x00000000c0000000, 0x00000000c4600000, 0x00000000eab00000)
  object space 71680K, 28% used [0x00000000c0000000,0x00000000c1444940,0x00000000c4600000)
 Metaspace       used 42523K, capacity 43548K, committed 43776K, reserved 1087488K
  class space    used 5898K, capacity 6079K, committed 6144K, reserved 1048576K
}
Event: 40.356 GC heap before
{Heap before GC invocations=18 (full 2):
 PSYoungGen      total 92160K, used 92155K [0x00000000eab00000, 0x00000000f2f80000, 0x0000000100000000)
  eden space 80896K, 100% used [0x00000000eab00000,0x00000000efa00000,0x00000000efa00000)
  from space 11264K, 99% used [0x00000000efa00000,0x00000000f04fee38,0x00000000f0500000)
  to   space 13312K, 0% used [0x00000000f2280000,0x00000000f2280000,0x00000000f2f80000)
 ParOldGen       total 71680K, used 20754K [0x00000000c0000000, 0x00000000c4600000, 0x00000000eab00000)
  object space 71680K, 28% used [0x00000000c0000000,0x00000000c1444940,0x00000000c4600000)
 Metaspace       used 45974K, capacity 47168K, committed 47360K, reserved 1089536K
  class space    used 6356K, capacity 6623K, committed 6656K, reserved 1048576K
Event: 40.393 GC heap after
Heap after GC invocations=18 (full 2):
 PSYoungGen      total 118784K, used 13281K [0x00000000eab00000, 0x00000000f3380000, 0x0000000100000000)
  eden space 105472K, 0% used [0x00000000eab00000,0x00000000eab00000,0x00000000f1200000)
  from space 13312K, 99% used [0x00000000f2280000,0x00000000f2f78750,0x00000000f2f80000)
  to   space 16896K, 0% used [0x00000000f1200000,0x00000000f1200000,0x00000000f2280000)
 ParOldGen       total 71680K, used 26241K [0x00000000c0000000, 0x00000000c4600000, 0x00000000eab00000)
  object space 71680K, 36% used [0x00000000c0000000,0x00000000c19a05e8,0x00000000c4600000)
 Metaspace       used 45974K, capacity 47168K, committed 47360K, reserved 1089536K
  class space    used 6356K, capacity 6623K, committed 6656K, reserved 1048576K
}
Event: 43.865 GC heap before
{Heap before GC invocations=19 (full 2):
 PSYoungGen      total 118784K, used 118753K [0x00000000eab00000, 0x00000000f3380000, 0x0000000100000000)
  eden space 105472K, 100% used [0x00000000eab00000,0x00000000f1200000,0x00000000f1200000)
  from space 13312K, 99% used [0x00000000f2280000,0x00000000f2f78750,0x00000000f2f80000)
  to   space 16896K, 0% used [0x00000000f1200000,0x00000000f1200000,0x00000000f2280000)
 ParOldGen       total 71680K, used 26241K [0x00000000c0000000, 0x00000000c4600000, 0x00000000eab00000)
  object space 71680K, 36% used [0x00000000c0000000,0x00000000c19a05e8,0x00000000c4600000)
 Metaspace       used 46872K, capacity 48064K, committed 48256K, reserved 1091584K
  class space    used 6446K, capacity 6687K, committed 6784K, reserved 1048576K
Event: 43.896 GC heap after
Heap after GC invocations=19 (full 2):
 PSYoungGen      total 122368K, used 3599K [0x00000000eab00000, 0x00000000f4700000, 0x0000000100000000)
  eden space 105472K, 0% used [0x00000000eab00000,0x00000000eab00000,0x00000000f1200000)
  from space 16896K, 21% used [0x00000000f1200000,0x00000000f1583f68,0x00000000f2280000)
  to   space 16896K, 0% used [0x00000000f3680000,0x00000000f3680000,0x00000000f4700000)
 ParOldGen       total 71680K, used 39187K [0x00000000c0000000, 0x00000000c4600000, 0x00000000eab00000)
  object space 71680K, 54% used [0x00000000c0000000,0x00000000c2644ef0,0x00000000c4600000)
 Metaspace       used 46872K, capacity 48064K, committed 48256K, reserved 1091584K
  class space    used 6446K, capacity 6687K, committed 6784K, reserved 1048576K
}
Event: 43.902 GC heap before
{Heap before GC invocations=20 (full 2):
 PSYoungGen      total 122368K, used 6408K [0x00000000eab00000, 0x00000000f4700000, 0x0000000100000000)
  eden space 105472K, 2% used [0x00000000eab00000,0x00000000eadbe488,0x00000000f1200000)
  from space 16896K, 21% used [0x00000000f1200000,0x00000000f1583f68,0x00000000f2280000)
  to   space 16896K, 0% used [0x00000000f3680000,0x00000000f3680000,0x00000000f4700000)
 ParOldGen       total 71680K, used 39187K [0x00000000c0000000, 0x00000000c4600000, 0x00000000eab00000)
  object space 71680K, 54% used [0x00000000c0000000,0x00000000c2644ef0,0x00000000c4600000)
 Metaspace       used 46874K, capacity 48064K, committed 48256K, reserved 1091584K
  class space    used 6446K, capacity 6687K, committed 6784K, reserved 1048576K
Event: 43.908 GC heap after
Heap after GC invocations=20 (full 2):
 PSYoungGen      total 142848K, used 64K [0x00000000eab00000, 0x00000000f4700000, 0x0000000100000000)
  eden space 125952K, 0% used [0x00000000eab00000,0x00000000eab00000,0x00000000f2600000)
  from space 16896K, 0% used [0x00000000f3680000,0x00000000f3690000,0x00000000f4700000)
  to   space 16896K, 0% used [0x00000000f2600000,0x00000000f2600000,0x00000000f3680000)
 ParOldGen       total 71680K, used 41888K [0x00000000c0000000, 0x00000000c4600000, 0x00000000eab00000)
  object space 71680K, 58% used [0x00000000c0000000,0x00000000c28e81c8,0x00000000c4600000)
 Metaspace       used 46874K, capacity 48064K, committed 48256K, reserved 1091584K
  class space    used 6446K, capacity 6687K, committed 6784K, reserved 1048576K
}
Event: 43.908 GC heap before
{Heap before GC invocations=21 (full 3):
 PSYoungGen      total 142848K, used 64K [0x00000000eab00000, 0x00000000f4700000, 0x0000000100000000)
  eden space 125952K, 0% used [0x00000000eab00000,0x00000000eab00000,0x00000000f2600000)
  from space 16896K, 0% used [0x00000000f3680000,0x00000000f3690000,0x00000000f4700000)
  to   space 16896K, 0% used [0x00000000f2600000,0x00000000f2600000,0x00000000f3680000)
 ParOldGen       total 71680K, used 41888K [0x00000000c0000000, 0x00000000c4600000, 0x00000000eab00000)
  object space 71680K, 58% used [0x00000000c0000000,0x00000000c28e81c8,0x00000000c4600000)
 Metaspace       used 46874K, capacity 48064K, committed 48256K, reserved 1091584K
  class space    used 6446K, capacity 6687K, committed 6784K, reserved 1048576K
Event: 44.362 GC heap after
Heap after GC invocations=21 (full 3):
 PSYoungGen      total 142848K, used 0K [0x00000000eab00000, 0x00000000f4700000, 0x0000000100000000)
  eden space 125952K, 0% used [0x00000000eab00000,0x00000000eab00000,0x00000000f2600000)
  from space 16896K, 0% used [0x00000000f3680000,0x00000000f3680000,0x00000000f4700000)
  to   space 16896K, 0% used [0x00000000f2600000,0x00000000f2600000,0x00000000f3680000)
 ParOldGen       total 71680K, used 31041K [0x00000000c0000000, 0x00000000c4600000, 0x00000000eab00000)
  object space 71680K, 43% used [0x00000000c0000000,0x00000000c1e50778,0x00000000c4600000)
 Metaspace       used 46874K, capacity 48064K, committed 48256K, reserved 1091584K
  class space    used 6446K, capacity 6687K, committed 6784K, reserved 1048576K
}

